<?xml version="1.0" encoding="UTF-8"?>
<!-- Generated by org.testng.reporters.JUnitReportReporter -->
<testsuite skipped="0" hostname="DESKTOP-AN5E1QN" name="com.qa.test.Demo1" tests="1" failures="0" timestamp="2020-04-16T17:27:39 IST" time="0.014" errors="0">
  <testcase name="add" time="0.014" classname="com.qa.test.Demo1"/>
  <system-out/>
</testsuite> <!-- com.qa.test.Demo1 -->
